<?xml version="1.0" encoding="UTF-8"?>
<!-- Generated by org.testng.reporters.JUnitReportReporter -->
<testsuite hostname="DESKTOP-PUJ2SID" failures="0" tests="1" name="test_cases.AdactinLogin_test" time="1.366" errors="0" timestamp="2024-01-08T14:16:38 IST" skipped="0">
  <testcase classname="test_cases.AdactinLogin_test" name="logintest" time="1.366"/>
</testsuite> <!-- test_cases.AdactinLogin_test -->
